---------- [Classification problem] ----------

----- Loading datasets... -----
Datasets loaded
X_train: (2000, 40000), Y_train: (2000,)
X_test: (500, 40000), Y_test: (500,)

----- Neural network -----

----- Accuracy -----
Train accuracy: 34.10%, test accuracy: 17.60%

----- Model summary -----

Model structure and weights saved!

----- Predictions -----

Train predictions:

- Predictions for class 0, accuracy: 99.00%
[0]: 396.0, [1]: 0.0, [2]: 0.0, [3]: 0.0, [4]: 4.0

- Predictions for class 1, accuracy: 1.00%
[0]: 178.0, [1]: 4.0, [2]: 0.0, [3]: 1.0, [4]: 217.0

- Predictions for class 2, accuracy: 2.50%
[0]: 264.0, [1]: 0.0, [2]: 10.0, [3]: 0.0, [4]: 126.0

- Predictions for class 3, accuracy: 8.00%
[0]: 202.0, [1]: 0.0, [2]: 0.0, [3]: 32.0, [4]: 166.0

- Predictions for class 4, accuracy: 60.00%
[0]: 160.0, [1]: 0.0, [2]: 0.0, [3]: 0.0, [4]: 240.0

Test predictions:

- Predictions for class 0, accuracy: 64.00%
[0]: 64.0, [1]: 0.0, [2]: 0.0, [3]: 4.0, [4]: 32.0

- Predictions for class 1, accuracy: 0.00%
[0]: 65.0, [1]: 0.0, [2]: 0.0, [3]: 1.0, [4]: 34.0

- Predictions for class 2, accuracy: 0.00%
[0]: 72.0, [1]: 0.0, [2]: 0.0, [3]: 0.0, [4]: 28.0

- Predictions for class 3, accuracy: 0.00%
[0]: 73.0, [1]: 0.0, [2]: 0.0, [3]: 0.0, [4]: 27.0

- Predictions for class 4, accuracy: 24.00%
[0]: 76.0, [1]: 0.0, [2]: 0.0, [3]: 0.0, [4]: 24.0

Done!
Execution time: 160.4632 seconds
Execution date: 2020-07-01 15:04:59.841066
---------- [Classification problem] ----------

----- Loading datasets... -----
Datasets loaded
X_train: (2000, 40000), Y_train: (2000,)
X_test: (500, 40000), Y_test: (500,)

----- Neural network -----

----- Accuracy -----
Train accuracy: 39.25%, test accuracy: 20.80%

----- Model summary -----

Model structure and weights saved!

----- Predictions -----

Train predictions:

- Predictions for class 0, accuracy: 68.25%
[0]: 273.0, [1]: 0.0, [2]: 0.0, [3]: 122.0, [4]: 5.0

- Predictions for class 1, accuracy: 1.25%
[0]: 5.0, [1]: 5.0, [2]: 2.0, [3]: 340.0, [4]: 48.0

- Predictions for class 2, accuracy: 8.50%
[0]: 4.0, [1]: 0.0, [2]: 34.0, [3]: 354.0, [4]: 8.0

- Predictions for class 3, accuracy: 100.00%
[0]: 0.0, [1]: 0.0, [2]: 0.0, [3]: 400.0, [4]: 0.0

- Predictions for class 4, accuracy: 18.25%
[0]: 0.0, [1]: 0.0, [2]: 0.0, [3]: 327.0, [4]: 73.0

Test predictions:

- Predictions for class 0, accuracy: 4.00%
[0]: 4.0, [1]: 0.0, [2]: 1.0, [3]: 86.0, [4]: 9.0

- Predictions for class 1, accuracy: 0.00%
[0]: 2.0, [1]: 0.0, [2]: 0.0, [3]: 96.0, [4]: 2.0

- Predictions for class 2, accuracy: 0.00%
[0]: 1.0, [1]: 0.0, [2]: 0.0, [3]: 98.0, [4]: 1.0

- Predictions for class 3, accuracy: 100.00%
[0]: 0.0, [1]: 0.0, [2]: 0.0, [3]: 100.0, [4]: 0.0

- Predictions for class 4, accuracy: 0.00%
[0]: 0.0, [1]: 0.0, [2]: 0.0, [3]: 100.0, [4]: 0.0

Done!
Execution time: 154.4096 seconds
Execution date: 2020-07-01 15:11:58.495985
---------- [Classification problem] ----------

----- Loading datasets... -----
Datasets loaded
X_train: (2000, 40000), Y_train: (2000,)
X_test: (500, 40000), Y_test: (500,)

----- Neural network -----

----- Accuracy -----
Train accuracy: 69.85%, test accuracy: 19.60%

----- Model summary -----

Model structure and weights saved!

----- Predictions -----

Train predictions:

- Predictions for class 0, accuracy: 82.75%
[0]: 331.0, [1]: 13.0, [2]: 42.0, [3]: 0.0, [4]: 14.0

- Predictions for class 1, accuracy: 76.75%
[0]: 8.0, [1]: 307.0, [2]: 69.0, [3]: 0.0, [4]: 16.0

- Predictions for class 2, accuracy: 99.25%
[0]: 0.0, [1]: 1.0, [2]: 397.0, [3]: 0.0, [4]: 2.0

- Predictions for class 3, accuracy: 4.75%
[0]: 0.0, [1]: 25.0, [2]: 300.0, [3]: 19.0, [4]: 56.0

- Predictions for class 4, accuracy: 85.75%
[0]: 0.0, [1]: 1.0, [2]: 56.0, [3]: 0.0, [4]: 343.0

Test predictions:

- Predictions for class 0, accuracy: 7.00%
[0]: 7.0, [1]: 18.0, [2]: 52.0, [3]: 2.0, [4]: 21.0

- Predictions for class 1, accuracy: 12.00%
[0]: 7.0, [1]: 12.0, [2]: 64.0, [3]: 0.0, [4]: 17.0

- Predictions for class 2, accuracy: 61.00%
[0]: 1.0, [1]: 10.0, [2]: 61.0, [3]: 0.0, [4]: 28.0

- Predictions for class 3, accuracy: 0.00%
[0]: 0.0, [1]: 3.0, [2]: 74.0, [3]: 0.0, [4]: 23.0

- Predictions for class 4, accuracy: 18.00%
[0]: 1.0, [1]: 2.0, [2]: 79.0, [3]: 0.0, [4]: 18.0

Done!
Execution time: 192.1936 seconds
Execution date: 2020-07-01 17:40:41.904697
