---------- [Regression problem] ----------

----- Loading datasets... -----
---------- [Regression problem] ----------

----- Loading datasets... -----
Datasets loaded
X_train: (1600, 40000), Y_train: (1600, 3)
X_test: (400, 40000), Y_test: (400, 3)

----- Neural network -----

----- Model summary -----

Model structure and weights saved!

----- Predictions -----

Train predictions:
Example [0]
Real position:     (x, y, z) = (0.00060, -0.00009, -0.21620)
Predicted position (x, y, z) = (-0.13118, 0.10987, -0.51824)
Example [1]
Real position:     (x, y, z) = (0.00065, -0.00083, -0.06659)
Predicted position (x, y, z) = (-0.73322, 0.28323, 0.07538)
Example [2]
Real position:     (x, y, z) = (-0.00065, -0.00022, -0.41569)
Predicted position (x, y, z) = (0.93949, -0.00319, -1.16849)
Example [3]
Real position:     (x, y, z) = (0.00061, -0.00088, -0.19963)
Predicted position (x, y, z) = (0.03161, -0.46158, -0.48382)
Example [4]
Real position:     (x, y, z) = (0.00005, -0.00017, -0.32843)
Predicted position (x, y, z) = (0.96808, -1.09731, -0.74157)
Example [5]
Real position:     (x, y, z) = (0.00026, -0.00042, -0.21583)
Predicted position (x, y, z) = (-0.91207, -0.51189, -0.65172)
Example [6]
Real position:     (x, y, z) = (-0.00097, 0.00097, -0.08358)
Predicted position (x, y, z) = (0.09366, 0.47192, -1.09860)
Example [7]
Real position:     (x, y, z) = (-0.00079, -0.00026, -0.09906)
Predicted position (x, y, z) = (0.17317, -0.48314, -0.81865)
Example [8]
Real position:     (x, y, z) = (-0.00002, -0.00032, -0.47582)
Predicted position (x, y, z) = (-0.45429, 0.28903, 0.09116)
Example [9]
Real position:     (x, y, z) = (0.00084, -0.00089, -0.36893)
Predicted position (x, y, z) = (0.19373, -0.85935, -0.32337)

Test predictions:
Example [0]
Real position:     (x, y, z) = (0.00043, 0.00011, -0.07114)
Predicted position (x, y, z) = (-0.36896, 0.81373, -0.91021)
Example [1]
Real position:     (x, y, z) = (-0.00024, -0.00021, -0.28837)
Predicted position (x, y, z) = (0.78253, -0.13445, -1.19337)
Example [2]
Real position:     (x, y, z) = (-0.00096, 0.00016, -0.46610)
Predicted position (x, y, z) = (-0.05564, 0.28368, -0.47906)
Example [3]
Real position:     (x, y, z) = (-0.00079, 0.00046, -0.48526)
Predicted position (x, y, z) = (-1.16543, -0.00416, 0.50125)
Example [4]
Real position:     (x, y, z) = (0.00022, 0.00044, -0.15138)
Predicted position (x, y, z) = (0.10317, -1.49659, -1.29885)
Example [5]
Real position:     (x, y, z) = (-0.00008, -0.00090, -0.19268)
Predicted position (x, y, z) = (0.06225, 0.27552, 0.26215)
Example [6]
Real position:     (x, y, z) = (-0.00028, -0.00042, -0.40836)
Predicted position (x, y, z) = (0.22300, -0.05752, -0.61660)
Example [7]
Real position:     (x, y, z) = (-0.00010, 0.00061, -0.39509)
Predicted position (x, y, z) = (-1.42978, 0.36557, 0.93159)
Example [8]
Real position:     (x, y, z) = (-0.00043, -0.00086, -0.31876)
Predicted position (x, y, z) = (-0.04967, -0.06501, 1.06658)
Example [9]
Real position:     (x, y, z) = (-0.00015, 0.00081, -0.20866)
Predicted position (x, y, z) = (-0.03617, 0.21632, 0.62934)

Done!
Execution time: 130.1977 seconds
Execution date: 2020-07-07 11:14:31.207154
-----------------------------------------
---------- [Regression problem] ----------

----- Loading datasets... -----
Datasets loaded
X_train: (1600, 40000), Y_train: (1600, 3)
X_test: (400, 40000), Y_test: (400, 3)

----- Neural network -----

----- Model summary -----

Model structure and weights saved!

----- Predictions -----

Train predictions:
Example [0]
Real position:     (x, y, z) = (0.00060, -0.00009, -0.21620)
Predicted position (x, y, z) = (-0.04730, 1.34247, -0.50750)
Example [1]
Real position:     (x, y, z) = (0.00065, -0.00083, -0.06659)
Predicted position (x, y, z) = (0.35296, 0.24761, 0.03495)
Example [2]
Real position:     (x, y, z) = (-0.00065, -0.00022, -0.41569)
Predicted position (x, y, z) = (-0.24646, -0.13875, -0.62432)
Example [3]
Real position:     (x, y, z) = (0.00061, -0.00088, -0.19963)
Predicted position (x, y, z) = (-0.35607, 1.05899, -0.31426)
Example [4]
Real position:     (x, y, z) = (0.00005, -0.00017, -0.32843)
Predicted position (x, y, z) = (-0.39701, -0.53262, -0.51670)
Example [5]
Real position:     (x, y, z) = (0.00026, -0.00042, -0.21583)
Predicted position (x, y, z) = (-0.32725, 0.07822, -0.18560)
Example [6]
Real position:     (x, y, z) = (-0.00097, 0.00097, -0.08358)
Predicted position (x, y, z) = (-0.46607, -0.26346, -1.08181)
Example [7]
Real position:     (x, y, z) = (-0.00079, -0.00026, -0.09906)
Predicted position (x, y, z) = (-0.42088, 0.85910, 0.40357)
Example [8]
Real position:     (x, y, z) = (-0.00002, -0.00032, -0.47582)
Predicted position (x, y, z) = (-0.25834, 0.88112, -1.25113)
Example [9]
Real position:     (x, y, z) = (0.00084, -0.00089, -0.36893)
Predicted position (x, y, z) = (-0.35663, 0.86785, -1.18551)

Test predictions:
Example [0]
Real position:     (x, y, z) = (0.00043, 0.00011, -0.07114)
Predicted position (x, y, z) = (-1.41518, 0.62225, -0.90411)
Example [1]
Real position:     (x, y, z) = (-0.00024, -0.00021, -0.28837)
Predicted position (x, y, z) = (-0.57072, 0.77722, 0.53476)
Example [2]
Real position:     (x, y, z) = (-0.00096, 0.00016, -0.46610)
Predicted position (x, y, z) = (-0.45414, 0.71927, -1.06776)
Example [3]
Real position:     (x, y, z) = (-0.00079, 0.00046, -0.48526)
Predicted position (x, y, z) = (-0.86521, 0.62163, 0.52768)
Example [4]
Real position:     (x, y, z) = (0.00022, 0.00044, -0.15138)
Predicted position (x, y, z) = (-0.22801, 1.28248, -0.58824)
Example [5]
Real position:     (x, y, z) = (-0.00008, -0.00090, -0.19268)
Predicted position (x, y, z) = (-0.47605, -0.45990, -0.35476)
Example [6]
Real position:     (x, y, z) = (-0.00028, -0.00042, -0.40836)
Predicted position (x, y, z) = (0.09089, -0.08237, -0.10369)
Example [7]
Real position:     (x, y, z) = (-0.00010, 0.00061, -0.39509)
Predicted position (x, y, z) = (0.15887, 0.96371, 0.39886)
Example [8]
Real position:     (x, y, z) = (-0.00043, -0.00086, -0.31876)
Predicted position (x, y, z) = (-0.19822, 0.35934, 0.37582)
Example [9]
Real position:     (x, y, z) = (-0.00015, 0.00081, -0.20866)
Predicted position (x, y, z) = (-0.62194, -0.77351, -0.72015)

Done!
Execution time: 129.4194 seconds
Execution date: 2020-07-07 11:20:27.166326
-----------------------------------------
---------- [Regression problem] ----------

----- Loading datasets... -----
Datasets loaded
X_train: (1600, 40000), Y_train: (1600, 3)
X_test: (400, 40000), Y_test: (400, 3)

----- Neural network -----

----- Model summary -----

Model structure and weights saved!

----- Predictions -----

Train predictions:
Prediction shape: (1600, 3)
Example [0]
Real position:     (x, y, z) = (0.00060, -0.00009, -0.21620)
Predicted position (x, y, z) = (-1.50665, -0.49233, -0.80470)
Example [1]
Real position:     (x, y, z) = (0.00065, -0.00083, -0.06659)
Predicted position (x, y, z) = (-0.06480, 1.11358, -0.71878)
Example [2]
Real position:     (x, y, z) = (-0.00065, -0.00022, -0.41569)
Predicted position (x, y, z) = (0.18345, 0.72022, 0.10385)
Example [3]
Real position:     (x, y, z) = (0.00061, -0.00088, -0.19963)
Predicted position (x, y, z) = (-0.28307, -0.24905, 0.35187)
Example [4]
Real position:     (x, y, z) = (0.00005, -0.00017, -0.32843)
Predicted position (x, y, z) = (0.14369, -0.60827, -0.25275)
Example [5]
Real position:     (x, y, z) = (0.00026, -0.00042, -0.21583)
Predicted position (x, y, z) = (0.73837, -0.17258, 0.13336)
Example [6]
Real position:     (x, y, z) = (-0.00097, 0.00097, -0.08358)
Predicted position (x, y, z) = (0.41884, -1.04999, -0.76826)
Example [7]
Real position:     (x, y, z) = (-0.00079, -0.00026, -0.09906)
Predicted position (x, y, z) = (-1.07226, 0.21957, -1.28945)
Example [8]
Real position:     (x, y, z) = (-0.00002, -0.00032, -0.47582)
Predicted position (x, y, z) = (-0.46172, -0.22123, -0.21931)
Example [9]
Real position:     (x, y, z) = (0.00084, -0.00089, -0.36893)
Predicted position (x, y, z) = (0.64373, 0.53118, -0.46262)

Test predictions:
Prediction shape: (400, 3)
Example [0]
Real position:     (x, y, z) = (0.00043, 0.00011, -0.07114)
Predicted position (x, y, z) = (-0.42478, 0.57069, -0.08195)
Example [1]
Real position:     (x, y, z) = (-0.00024, -0.00021, -0.28837)
Predicted position (x, y, z) = (0.19620, -0.78520, -0.95286)
Example [2]
Real position:     (x, y, z) = (-0.00096, 0.00016, -0.46610)
Predicted position (x, y, z) = (1.07067, -1.87202, 0.55893)
Example [3]
Real position:     (x, y, z) = (-0.00079, 0.00046, -0.48526)
Predicted position (x, y, z) = (0.08954, 0.74465, -1.14879)
Example [4]
Real position:     (x, y, z) = (0.00022, 0.00044, -0.15138)
Predicted position (x, y, z) = (0.79483, -0.46205, 0.27113)
Example [5]
Real position:     (x, y, z) = (-0.00008, -0.00090, -0.19268)
Predicted position (x, y, z) = (0.49358, 0.56654, -0.50878)
Example [6]
Real position:     (x, y, z) = (-0.00028, -0.00042, -0.40836)
Predicted position (x, y, z) = (-0.57235, 1.50253, -0.41811)
Example [7]
Real position:     (x, y, z) = (-0.00010, 0.00061, -0.39509)
Predicted position (x, y, z) = (0.47175, 0.28496, 0.68551)
Example [8]
Real position:     (x, y, z) = (-0.00043, -0.00086, -0.31876)
Predicted position (x, y, z) = (0.01048, -0.83603, 0.69638)
Example [9]
Real position:     (x, y, z) = (-0.00015, 0.00081, -0.20866)
Predicted position (x, y, z) = (-0.10190, -0.64408, 0.56629)

Done!
Execution time: 135.1791 seconds
Execution date: 2020-07-07 11:26:00.234872
-----------------------------------------
---------- [Regression problem] ----------

----- Loading datasets... -----
Datasets loaded
X_train: (1600, 40000), Y_train: (1600, 3)
X_test: (400, 40000), Y_test: (400, 3)

----- Neural network -----

----- Model summary -----

Model structure and weights saved!

----- Predictions -----

Train predictions:
Prediction shape: (1600, 3)
Example [0]
Real position:     (x, y, z) = (0.00060, -0.00009, -0.21620)
Predicted position (x, y, z) = (-0.16332, 1.12525, 0.67257)
Example [1]
Real position:     (x, y, z) = (0.00065, -0.00083, -0.06659)
Predicted position (x, y, z) = (0.16367, 0.53698, -0.57313)
Example [2]
Real position:     (x, y, z) = (-0.00065, -0.00022, -0.41569)
Predicted position (x, y, z) = (0.69757, 0.38359, 0.12835)
Example [3]
Real position:     (x, y, z) = (0.00061, -0.00088, -0.19963)
Predicted position (x, y, z) = (1.37751, -0.13648, 0.29992)
Example [4]
Real position:     (x, y, z) = (0.00005, -0.00017, -0.32843)
Predicted position (x, y, z) = (0.70348, -0.13837, -0.54150)
Example [5]
Real position:     (x, y, z) = (0.00026, -0.00042, -0.21583)
Predicted position (x, y, z) = (0.12661, 0.74825, -0.78419)
Example [6]
Real position:     (x, y, z) = (-0.00097, 0.00097, -0.08358)
Predicted position (x, y, z) = (0.55661, 0.19775, 0.53790)
Example [7]
Real position:     (x, y, z) = (-0.00079, -0.00026, -0.09906)
Predicted position (x, y, z) = (-0.45397, -0.23328, 0.12812)
Example [8]
Real position:     (x, y, z) = (-0.00002, -0.00032, -0.47582)
Predicted position (x, y, z) = (0.15777, 0.60333, -0.09768)
Example [9]
Real position:     (x, y, z) = (0.00084, -0.00089, -0.36893)
Predicted position (x, y, z) = (-0.43346, -0.68861, -0.60139)

Test predictions:
Prediction shape: (400, 3)
Example [0]
Real position:     (x, y, z) = (0.00043, 0.00011, -0.07114)
Predicted position (x, y, z) = (-0.66019, -1.18714, -0.58209)
Example [1]
Real position:     (x, y, z) = (-0.00024, -0.00021, -0.28837)
Predicted position (x, y, z) = (0.54460, -0.20588, -0.31256)
Example [2]
Real position:     (x, y, z) = (-0.00096, 0.00016, -0.46610)
Predicted position (x, y, z) = (-0.40511, 1.27742, -0.47016)
Example [3]
Real position:     (x, y, z) = (-0.00079, 0.00046, -0.48526)
Predicted position (x, y, z) = (0.10646, 0.00297, -0.38343)
Example [4]
Real position:     (x, y, z) = (0.00022, 0.00044, -0.15138)
Predicted position (x, y, z) = (0.12071, 0.17005, 0.18096)
Example [5]
Real position:     (x, y, z) = (-0.00008, -0.00090, -0.19268)
Predicted position (x, y, z) = (0.25175, -0.49124, -0.14913)
Example [6]
Real position:     (x, y, z) = (-0.00028, -0.00042, -0.40836)
Predicted position (x, y, z) = (0.31372, -0.22364, 0.70195)
Example [7]
Real position:     (x, y, z) = (-0.00010, 0.00061, -0.39509)
Predicted position (x, y, z) = (1.26782, 1.75524, 0.18040)
Example [8]
Real position:     (x, y, z) = (-0.00043, -0.00086, -0.31876)
Predicted position (x, y, z) = (1.37341, -0.03682, -1.22760)
Example [9]
Real position:     (x, y, z) = (-0.00015, 0.00081, -0.20866)
Predicted position (x, y, z) = (0.33346, -0.51002, -0.82332)

Done!
Execution time: 133.5275 seconds
Execution date: 2020-07-07 11:31:33.945324
-----------------------------------------
---------- [Regression problem] ----------

----- Loading datasets... -----
Datasets loaded
X_train: (1600, 40000), Y_train: (1600, 3)
X_test: (400, 40000), Y_test: (400, 3)

----- Neural network -----

----- Model summary -----

Model structure and weights saved!

----- Predictions -----

Train predictions:
Prediction shape: (1600, 3)
Example [0]
Real position:     (x, y, z) = (0.00060, -0.00009, -0.21620)
Predicted position (x, y, z) = (1.23481, -0.63948, -0.15478)
Example [1]
Real position:     (x, y, z) = (0.00065, -0.00083, -0.06659)
Predicted position (x, y, z) = (-0.63357, 0.36094, -0.24315)
Example [2]
Real position:     (x, y, z) = (-0.00065, -0.00022, -0.41569)
Predicted position (x, y, z) = (-1.02114, 0.43875, -1.01581)
Example [3]
Real position:     (x, y, z) = (0.00061, -0.00088, -0.19963)
Predicted position (x, y, z) = (-0.37076, 0.63309, -0.82517)
Example [4]
Real position:     (x, y, z) = (0.00005, -0.00017, -0.32843)
Predicted position (x, y, z) = (-0.70766, 0.59198, -1.47196)
Example [5]
Real position:     (x, y, z) = (0.00026, -0.00042, -0.21583)
Predicted position (x, y, z) = (-0.09667, 0.37248, -0.83807)
Example [6]
Real position:     (x, y, z) = (-0.00097, 0.00097, -0.08358)
Predicted position (x, y, z) = (0.20188, 0.27562, -1.16911)
Example [7]
Real position:     (x, y, z) = (-0.00079, -0.00026, -0.09906)
Predicted position (x, y, z) = (-0.41669, 0.83500, -0.72859)
Example [8]
Real position:     (x, y, z) = (-0.00002, -0.00032, -0.47582)
Predicted position (x, y, z) = (-0.50737, 0.45783, -0.45041)
Example [9]
Real position:     (x, y, z) = (0.00084, -0.00089, -0.36893)
Predicted position (x, y, z) = (-0.98338, 0.48143, -0.53501)

Test predictions:
Prediction shape: (400, 3)
Example [0]
Real position:     (x, y, z) = (0.00043, 0.00011, -0.07114)
Predicted position (x, y, z) = (-1.41758, 1.27120, -0.96257)
Example [1]
Real position:     (x, y, z) = (-0.00024, -0.00021, -0.28837)
Predicted position (x, y, z) = (-0.75820, 1.38680, -0.28525)
Example [2]
Real position:     (x, y, z) = (-0.00096, 0.00016, -0.46610)
Predicted position (x, y, z) = (-0.67905, 1.57427, -0.80446)
Example [3]
Real position:     (x, y, z) = (-0.00079, 0.00046, -0.48526)
Predicted position (x, y, z) = (-0.78608, 0.09344, -1.00757)
Example [4]
Real position:     (x, y, z) = (0.00022, 0.00044, -0.15138)
Predicted position (x, y, z) = (-0.35727, 0.20078, -0.81848)
Example [5]
Real position:     (x, y, z) = (-0.00008, -0.00090, -0.19268)
Predicted position (x, y, z) = (-0.22013, 0.40871, -0.48168)
Example [6]
Real position:     (x, y, z) = (-0.00028, -0.00042, -0.40836)
Predicted position (x, y, z) = (-0.20276, 0.55240, 0.00055)
Example [7]
Real position:     (x, y, z) = (-0.00010, 0.00061, -0.39509)
Predicted position (x, y, z) = (-1.67842, 1.20886, -0.09976)
Example [8]
Real position:     (x, y, z) = (-0.00043, -0.00086, -0.31876)
Predicted position (x, y, z) = (-0.59924, 0.50277, -0.56143)
Example [9]
Real position:     (x, y, z) = (-0.00015, 0.00081, -0.20866)
Predicted position (x, y, z) = (-0.11125, 0.44713, -1.00428)

Done!
Execution time: 129.6623 seconds
Execution date: 2020-07-07 11:37:37.827168
-----------------------------------------
---------- [Regression problem] ----------

----- Loading datasets... -----
Datasets loaded
X_train: (1600, 40000), Y_train: (1600, 3)
X_test: (400, 40000), Y_test: (400, 3)

----- Neural network -----

----- Model summary -----

Model structure and weights saved!

----- Predictions -----

Train predictions:
Prediction shape: (1600, 3)
Example [0]
Real position:     (x, y, z) = (0.00060, -0.00009, -0.21620)
Predicted position (x, y, z) = (1.41516, 0.09090, 0.61736)
Example [1]
Real position:     (x, y, z) = (0.00065, -0.00083, -0.06659)
Predicted position (x, y, z) = (0.46994, 0.20368, -0.06740)
Example [2]
Real position:     (x, y, z) = (-0.00065, -0.00022, -0.41569)
Predicted position (x, y, z) = (-0.71397, -0.57955, -0.43013)
Example [3]
Real position:     (x, y, z) = (0.00061, -0.00088, -0.19963)
Predicted position (x, y, z) = (0.02840, -0.53230, 0.00525)
Example [4]
Real position:     (x, y, z) = (0.00005, -0.00017, -0.32843)
Predicted position (x, y, z) = (0.22696, -0.04224, -0.44122)
Example [5]
Real position:     (x, y, z) = (0.00026, -0.00042, -0.21583)
Predicted position (x, y, z) = (-0.50851, -1.34188, 0.38031)
Example [6]
Real position:     (x, y, z) = (-0.00097, 0.00097, -0.08358)
Predicted position (x, y, z) = (-0.20806, -0.00571, -0.56142)
Example [7]
Real position:     (x, y, z) = (-0.00079, -0.00026, -0.09906)
Predicted position (x, y, z) = (0.13603, -0.14566, -0.88523)
Example [8]
Real position:     (x, y, z) = (-0.00002, -0.00032, -0.47582)
Predicted position (x, y, z) = (-0.96036, -0.94905, -0.50774)
Example [9]
Real position:     (x, y, z) = (0.00084, -0.00089, -0.36893)
Predicted position (x, y, z) = (-0.35959, -0.80173, 0.17659)

Test predictions:
Prediction shape: (400, 3)
Example [0]
Real position:     (x, y, z) = (0.00043, 0.00011, -0.07114)
Predicted position (x, y, z) = (0.31589, 0.19251, -0.22232)
Example [1]
Real position:     (x, y, z) = (-0.00024, -0.00021, -0.28837)
Predicted position (x, y, z) = (0.42592, 1.05021, -1.18066)
Example [2]
Real position:     (x, y, z) = (-0.00096, 0.00016, -0.46610)
Predicted position (x, y, z) = (-0.31387, 0.16614, 0.43494)
Example [3]
Real position:     (x, y, z) = (-0.00079, 0.00046, -0.48526)
Predicted position (x, y, z) = (-0.02794, -0.04218, -0.43705)
Example [4]
Real position:     (x, y, z) = (0.00022, 0.00044, -0.15138)
Predicted position (x, y, z) = (-0.35994, -0.21223, -0.24013)
Example [5]
Real position:     (x, y, z) = (-0.00008, -0.00090, -0.19268)
Predicted position (x, y, z) = (-0.00459, -0.13727, -1.83931)
Example [6]
Real position:     (x, y, z) = (-0.00028, -0.00042, -0.40836)
Predicted position (x, y, z) = (-0.54775, -0.34826, 0.01177)
Example [7]
Real position:     (x, y, z) = (-0.00010, 0.00061, -0.39509)
Predicted position (x, y, z) = (-0.31255, -0.23329, -1.30381)
Example [8]
Real position:     (x, y, z) = (-0.00043, -0.00086, -0.31876)
Predicted position (x, y, z) = (0.23457, -0.81654, -0.13654)
Example [9]
Real position:     (x, y, z) = (-0.00015, 0.00081, -0.20866)
Predicted position (x, y, z) = (-0.31655, -0.96682, -0.48037)

Done!
Execution time: 133.4751 seconds
Execution date: 2020-07-07 14:32:29.332672
-----------------------------------------
---------- [Regression problem] ----------

----- Loading datasets... -----
Datasets loaded
X_train: (1600, 40000), Y_train: (1600, 3)
X_test: (400, 40000), Y_test: (400, 3)

----- Neural network -----
Parameters to create the model:
- Dimension of the imput: 40000
- Number of nodes in the first layer (hidden layer): 1000
- Number of nodes in the second layer (hidden layer): 400
Parameters to train the model:
- Number of epochs: 50
---------- [Regression problem] ----------

----- Loading datasets... -----
Datasets loaded
X_train: (1600, 40000), Y_train: (1600, 3)
X_test: (400, 40000), Y_test: (400, 3)

----- Neural network -----
Parameters to create the model:
- Dimension of the imput: 40000
- Number of nodes in the first layer (hidden layer): 1000
- Number of nodes in the second layer (hidden layer): 400
Parameters to train the model:
- Number of epochs: 50
- Batch size: 1000
