---------- [Classification problem] ----------

----- Loading datasets... -----
Datasets loaded
X_train: (400, 40000), Y_train: (400,)
X_test: (100, 40000), Y_test: (100,)

----- [Using wigner distribution dataset] -----

----- Neural network -----

Parameters to create the model:
- Dimension of the imput: 40000
- Number of nodes in the first layer (hidden layer): 1000
- Number of nodes in the second layer (hidden layer): 500

Parameters to train the model:
- Number of epochs: 50
- Batch size: 1000

----- Accuracy -----
Train accuracy: 45.00%, test accuracy: 30.00%

----- Model summary -----

Model structure and weights saved!

----- Predictions -----

Train predictions:

- Predictions for class 0, accuracy: 95.00%
[0]: 76.0, [1]: 0.0, [2]: 2.0, [3]: 0.0, [4]: 2.0

- Predictions for class 1, accuracy: 30.00%
[0]: 47.0, [1]: 24.0, [2]: 5.0, [3]: 0.0, [4]: 4.0

- Predictions for class 2, accuracy: 37.50%
[0]: 27.0, [1]: 10.0, [2]: 30.0, [3]: 0.0, [4]: 13.0

- Predictions for class 3, accuracy: 0.00%
[0]: 16.0, [1]: 32.0, [2]: 4.0, [3]: 0.0, [4]: 28.0

- Predictions for class 4, accuracy: 62.50%
[0]: 8.0, [1]: 14.0, [2]: 8.0, [3]: 0.0, [4]: 50.0

Test predictions:

- Predictions for class 0, accuracy: 95.00%
[0]: 19.0, [1]: 1.0, [2]: 0.0, [3]: 0.0, [4]: 0.0

- Predictions for class 1, accuracy: 5.00%
[0]: 10.0, [1]: 1.0, [2]: 7.0, [3]: 0.0, [4]: 2.0

- Predictions for class 2, accuracy: 5.00%
[0]: 8.0, [1]: 7.0, [2]: 1.0, [3]: 0.0, [4]: 4.0

- Predictions for class 3, accuracy: 0.00%
[0]: 7.0, [1]: 5.0, [2]: 2.0, [3]: 0.0, [4]: 6.0

- Predictions for class 4, accuracy: 45.00%
[0]: 3.0, [1]: 6.0, [2]: 2.0, [3]: 0.0, [4]: 9.0

Done!
Execution time: 50.5662 seconds
Execution date: 2020-08-13 16:50:49.786061
-----------------------------------------
---------- [Classification problem] ----------

----- Loading datasets... -----
Datasets loaded
X_train: (400, 40000), Y_train: (400,)
X_test: (100, 40000), Y_test: (100,)

----- [Using wigner distribution dataset] -----

----- Neural network -----

Parameters to create the model:
- Dimension of the imput: 40000
- Number of nodes in the first layer (hidden layer): 1000
- Number of nodes in the second layer (hidden layer): 500

Parameters to train the model:
- Number of epochs: 50
- Batch size: 1000

----- Accuracy -----
Train accuracy: 26.00%, test accuracy: 19.00%

----- Model summary -----

Model structure and weights saved!

----- Predictions -----

Train predictions:

- Predictions for class 0, accuracy: 16.25%
[0]: 13.0, [1]: 59.0, [2]: 0.0, [3]: 0.0, [4]: 8.0

- Predictions for class 1, accuracy: 97.50%
[0]: 1.0, [1]: 78.0, [2]: 0.0, [3]: 0.0, [4]: 1.0

- Predictions for class 2, accuracy: 0.00%
[0]: 0.0, [1]: 75.0, [2]: 0.0, [3]: 0.0, [4]: 5.0

- Predictions for class 3, accuracy: 0.00%
[0]: 0.0, [1]: 73.0, [2]: 0.0, [3]: 0.0, [4]: 7.0

- Predictions for class 4, accuracy: 16.25%
[0]: 0.0, [1]: 67.0, [2]: 0.0, [3]: 0.0, [4]: 13.0

Test predictions:

- Predictions for class 0, accuracy: 0.00%
[0]: 0.0, [1]: 17.0, [2]: 0.0, [3]: 0.0, [4]: 3.0

- Predictions for class 1, accuracy: 90.00%
[0]: 2.0, [1]: 18.0, [2]: 0.0, [3]: 0.0, [4]: 0.0

- Predictions for class 2, accuracy: 0.00%
[0]: 0.0, [1]: 20.0, [2]: 0.0, [3]: 0.0, [4]: 0.0

- Predictions for class 3, accuracy: 0.00%
[0]: 0.0, [1]: 18.0, [2]: 0.0, [3]: 0.0, [4]: 2.0

- Predictions for class 4, accuracy: 5.00%
[0]: 0.0, [1]: 19.0, [2]: 0.0, [3]: 0.0, [4]: 1.0

Done!
Execution time: 49.4058 seconds
Execution date: 2020-08-13 16:51:52.778727
-----------------------------------------
---------- [Classification problem] ----------

----- Loading datasets... -----
Datasets loaded
X_train: (400, 40000), Y_train: (400,)
X_test: (100, 40000), Y_test: (100,)

----- [Using wigner distribution dataset] -----

----- Neural network -----

Parameters to create the model:
- Dimension of the imput: 40000
- Number of nodes in the first layer (hidden layer): 1000
- Number of nodes in the second layer (hidden layer): 500

Parameters to train the model:
- Number of epochs: 50
- Batch size: 1000

----- Accuracy -----
Train accuracy: 39.25%, test accuracy: 39.00%

----- Model summary -----

Model structure and weights saved!

----- Predictions -----

Train predictions:

- Predictions for class 0, accuracy: 87.50%
[0]: 70.0, [1]: 0.0, [2]: 0.0, [3]: 10.0, [4]: 0.0

- Predictions for class 1, accuracy: 15.00%
[0]: 31.0, [1]: 12.0, [2]: 0.0, [3]: 37.0, [4]: 0.0

- Predictions for class 2, accuracy: 0.00%
[0]: 11.0, [1]: 3.0, [2]: 0.0, [3]: 66.0, [4]: 0.0

- Predictions for class 3, accuracy: 93.75%
[0]: 3.0, [1]: 2.0, [2]: 0.0, [3]: 75.0, [4]: 0.0

- Predictions for class 4, accuracy: 0.00%
[0]: 1.0, [1]: 0.0, [2]: 0.0, [3]: 79.0, [4]: 0.0

Test predictions:

- Predictions for class 0, accuracy: 90.00%
[0]: 18.0, [1]: 1.0, [2]: 0.0, [3]: 1.0, [4]: 0.0

- Predictions for class 1, accuracy: 15.00%
[0]: 7.0, [1]: 3.0, [2]: 0.0, [3]: 10.0, [4]: 0.0

- Predictions for class 2, accuracy: 0.00%
[0]: 3.0, [1]: 1.0, [2]: 0.0, [3]: 16.0, [4]: 0.0

- Predictions for class 3, accuracy: 90.00%
[0]: 1.0, [1]: 1.0, [2]: 0.0, [3]: 18.0, [4]: 0.0

- Predictions for class 4, accuracy: 0.00%
[0]: 0.0, [1]: 1.0, [2]: 0.0, [3]: 19.0, [4]: 0.0

Done!
Execution time: 87.7848 seconds
Execution date: 2020-08-13 16:53:37.645348
-----------------------------------------
---------- [Classification problem] ----------

----- Loading datasets... -----
Datasets loaded
X_train: (400, 40000), Y_train: (400,)
X_test: (100, 40000), Y_test: (100,)

----- [Using wigner distribution dataset] -----

----- Neural network -----

Parameters to create the model:
- Dimension of the imput: 40000
- Number of nodes in the first layer (hidden layer): 1000
- Number of nodes in the second layer (hidden layer): 500

Parameters to train the model:
- Number of epochs: 50
- Batch size: 1000

----- Accuracy -----
Train accuracy: 32.25%, test accuracy: 21.00%

----- Model summary -----

Model structure and weights saved!

----- Predictions -----

Train predictions:

- Predictions for class 0, accuracy: 10.00%
[0]: 8.0, [1]: 63.0, [2]: 8.0, [3]: 0.0, [4]: 1.0

- Predictions for class 1, accuracy: 86.25%
[0]: 1.0, [1]: 69.0, [2]: 10.0, [3]: 0.0, [4]: 0.0

- Predictions for class 2, accuracy: 65.00%
[0]: 0.0, [1]: 28.0, [2]: 52.0, [3]: 0.0, [4]: 0.0

- Predictions for class 3, accuracy: 0.00%
[0]: 0.0, [1]: 47.0, [2]: 33.0, [3]: 0.0, [4]: 0.0

- Predictions for class 4, accuracy: 0.00%
[0]: 0.0, [1]: 31.0, [2]: 49.0, [3]: 0.0, [4]: 0.0

Test predictions:

- Predictions for class 0, accuracy: 10.00%
[0]: 2.0, [1]: 16.0, [2]: 1.0, [3]: 0.0, [4]: 1.0

- Predictions for class 1, accuracy: 55.00%
[0]: 0.0, [1]: 11.0, [2]: 9.0, [3]: 0.0, [4]: 0.0

- Predictions for class 2, accuracy: 40.00%
[0]: 0.0, [1]: 12.0, [2]: 8.0, [3]: 0.0, [4]: 0.0

- Predictions for class 3, accuracy: 0.00%
[0]: 0.0, [1]: 11.0, [2]: 9.0, [3]: 0.0, [4]: 0.0

- Predictions for class 4, accuracy: 0.00%
[0]: 0.0, [1]: 13.0, [2]: 7.0, [3]: 0.0, [4]: 0.0

Done!
Execution time: 55.7319 seconds
Execution date: 2020-08-13 16:54:51.420469
-----------------------------------------
---------- [Classification problem] ----------

----- Loading datasets... -----
Datasets loaded
X_train: (400, 40000), Y_train: (400,)
X_test: (100, 40000), Y_test: (100,)

----- [Using wigner distribution dataset] -----

----- Neural network -----

Parameters to create the model:
- Dimension of the imput: 40000
- Number of nodes in the first layer (hidden layer): 1000
- Number of nodes in the second layer (hidden layer): 500

Parameters to train the model:
- Number of epochs: 50
- Batch size: 1000

----- Accuracy -----
Train accuracy: 41.75%, test accuracy: 39.00%

----- Model summary -----

Model structure and weights saved!

----- Predictions -----

Train predictions:

- Predictions for class 0, accuracy: 77.50%
[0]: 62.0, [1]: 0.0, [2]: 2.0, [3]: 15.0, [4]: 1.0

- Predictions for class 1, accuracy: 0.00%
[0]: 29.0, [1]: 0.0, [2]: 10.0, [3]: 41.0, [4]: 0.0

- Predictions for class 2, accuracy: 33.75%
[0]: 6.0, [1]: 0.0, [2]: 27.0, [3]: 47.0, [4]: 0.0

- Predictions for class 3, accuracy: 97.50%
[0]: 1.0, [1]: 0.0, [2]: 1.0, [3]: 78.0, [4]: 0.0

- Predictions for class 4, accuracy: 0.00%
[0]: 0.0, [1]: 0.0, [2]: 0.0, [3]: 80.0, [4]: 0.0

Test predictions:

- Predictions for class 0, accuracy: 85.00%
[0]: 17.0, [1]: 0.0, [2]: 1.0, [3]: 2.0, [4]: 0.0

- Predictions for class 1, accuracy: 0.00%
[0]: 7.0, [1]: 0.0, [2]: 1.0, [3]: 12.0, [4]: 0.0

- Predictions for class 2, accuracy: 15.00%
[0]: 0.0, [1]: 0.0, [2]: 3.0, [3]: 17.0, [4]: 0.0

- Predictions for class 3, accuracy: 95.00%
[0]: 1.0, [1]: 0.0, [2]: 0.0, [3]: 19.0, [4]: 0.0

- Predictions for class 4, accuracy: 0.00%
[0]: 0.0, [1]: 0.0, [2]: 2.0, [3]: 18.0, [4]: 0.0

Done!
Execution time: 47.6274 seconds
Execution date: 2020-08-13 16:55:55.435959
-----------------------------------------
---------- [Classification problem] ----------

----- Loading datasets... -----
Datasets loaded
X_train: (8000, 40000), Y_train: (8000,)
X_test: (2000, 40000), Y_test: (2000,)

----- [Using hologram dataset] -----

----- Neural network -----

Parameters to create the model:
- Dimension of the imput: 40000
- Number of nodes in the first layer (hidden layer): 1000
- Number of nodes in the second layer (hidden layer): 500

Parameters to train the model:
- Number of epochs: 50
- Batch size: 1000

----- Accuracy -----
Train accuracy: 98.34%, test accuracy: 78.10%

----- Model summary -----

Model structure and weights saved!

----- Predictions -----

Train predictions:

- Predictions for class 0, accuracy: 32.19%
[0]: 515.0, [1]: 394.0, [2]: 381.0, [3]: 306.0, [4]: 4.0

- Predictions for class 1, accuracy: 0.06%
[0]: 1200.0, [1]: 1.0, [2]: 0.0, [3]: 0.0, [4]: 399.0

- Predictions for class 2, accuracy: 0.00%
[0]: 1600.0, [1]: 0.0, [2]: 0.0, [3]: 0.0, [4]: 0.0

- Predictions for class 3, accuracy: 0.00%
[0]: 1599.0, [1]: 1.0, [2]: 0.0, [3]: 0.0, [4]: 0.0

- Predictions for class 4, accuracy: 0.06%
[0]: 1597.0, [1]: 1.0, [2]: 1.0, [3]: 0.0, [4]: 1.0

Test predictions:

- Predictions for class 0, accuracy: 95.00%
[0]: 380.0, [1]: 9.0, [2]: 6.0, [3]: 0.0, [4]: 5.0

- Predictions for class 1, accuracy: 2.00%
[0]: 385.0, [1]: 8.0, [2]: 3.0, [3]: 0.0, [4]: 4.0

- Predictions for class 2, accuracy: 0.25%
[0]: 388.0, [1]: 7.0, [2]: 1.0, [3]: 0.0, [4]: 4.0

- Predictions for class 3, accuracy: 0.00%
[0]: 395.0, [1]: 5.0, [2]: 0.0, [3]: 0.0, [4]: 0.0

- Predictions for class 4, accuracy: 0.00%
[0]: 392.0, [1]: 6.0, [2]: 2.0, [3]: 0.0, [4]: 0.0

Done!
Execution time: 392.7549 seconds
Execution date: 2020-08-13 17:16:04.846907
-----------------------------------------
---------- [Classification problem] ----------

----- Loading datasets... -----
Datasets loaded
X_train: (8000, 40000), Y_train: (8000,)
X_test: (2000, 40000), Y_test: (2000,)

----- [Using hologram dataset] -----

----- Neural network -----

Parameters to create the model:
- Dimension of the imput: 40000
- Number of nodes in the first layer (hidden layer): 1000
- Number of nodes in the second layer (hidden layer): 500

Parameters to train the model:
- Number of epochs: 50
- Batch size: 1000

----- Accuracy -----
Train accuracy: 96.34%, test accuracy: 78.40%

----- Model summary -----

Model structure and weights saved!

----- Predictions -----

Train predictions:

- Predictions for class 0, accuracy: 40.81%
[0]: 653.0, [1]: 340.0, [2]: 273.0, [3]: 317.0, [4]: 17.0

- Predictions for class 1, accuracy: 0.06%
[0]: 1200.0, [1]: 1.0, [2]: 0.0, [3]: 0.0, [4]: 399.0

- Predictions for class 2, accuracy: 0.00%
[0]: 1596.0, [1]: 1.0, [2]: 0.0, [3]: 0.0, [4]: 3.0

- Predictions for class 3, accuracy: 0.00%
[0]: 1596.0, [1]: 2.0, [2]: 0.0, [3]: 0.0, [4]: 2.0

- Predictions for class 4, accuracy: 0.06%
[0]: 1599.0, [1]: 0.0, [2]: 0.0, [3]: 0.0, [4]: 1.0

Test predictions:

- Predictions for class 0, accuracy: 95.75%
[0]: 383.0, [1]: 8.0, [2]: 2.0, [3]: 3.0, [4]: 4.0

- Predictions for class 1, accuracy: 1.50%
[0]: 382.0, [1]: 6.0, [2]: 1.0, [3]: 1.0, [4]: 10.0

- Predictions for class 2, accuracy: 0.25%
[0]: 391.0, [1]: 4.0, [2]: 1.0, [3]: 0.0, [4]: 4.0

- Predictions for class 3, accuracy: 0.50%
[0]: 393.0, [1]: 4.0, [2]: 1.0, [3]: 2.0, [4]: 0.0

- Predictions for class 4, accuracy: 1.00%
[0]: 389.0, [1]: 5.0, [2]: 1.0, [3]: 1.0, [4]: 4.0

Done!
Execution time: 356.1972 seconds
Execution date: 2020-08-13 17:22:17.657244
-----------------------------------------
---------- [Classification problem] ----------

----- Loading datasets... -----
Datasets loaded
X_train: (8000, 40000), Y_train: (8000,)
X_test: (2000, 40000), Y_test: (2000,)

----- [Using hologram dataset] -----

----- Neural network -----

Parameters to create the model:
- Dimension of the imput: 40000
- Number of nodes in the first layer (hidden layer): 1000
- Number of nodes in the second layer (hidden layer): 500

Parameters to train the model:
- Number of epochs: 50
- Batch size: 1000

----- Accuracy -----
Train accuracy: 100.00%, test accuracy: 77.40%

----- Model summary -----

Model structure and weights saved!

----- Predictions -----

Train predictions:

- Predictions for class 0, accuracy: 25.00%
[0]: 400.0, [1]: 400.0, [2]: 400.0, [3]: 400.0, [4]: 0.0

- Predictions for class 1, accuracy: 0.00%
[0]: 1200.0, [1]: 0.0, [2]: 0.0, [3]: 0.0, [4]: 400.0

- Predictions for class 2, accuracy: 0.00%
[0]: 1600.0, [1]: 0.0, [2]: 0.0, [3]: 0.0, [4]: 0.0

- Predictions for class 3, accuracy: 0.00%
[0]: 1600.0, [1]: 0.0, [2]: 0.0, [3]: 0.0, [4]: 0.0

- Predictions for class 4, accuracy: 0.00%
[0]: 1600.0, [1]: 0.0, [2]: 0.0, [3]: 0.0, [4]: 0.0

Test predictions:

- Predictions for class 0, accuracy: 97.75%
[0]: 391.0, [1]: 2.0, [2]: 4.0, [3]: 1.0, [4]: 2.0

- Predictions for class 1, accuracy: 1.25%
[0]: 383.0, [1]: 5.0, [2]: 4.0, [3]: 3.0, [4]: 5.0

- Predictions for class 2, accuracy: 1.50%
[0]: 385.0, [1]: 2.0, [2]: 6.0, [3]: 3.0, [4]: 4.0

- Predictions for class 3, accuracy: 0.25%
[0]: 390.0, [1]: 2.0, [2]: 5.0, [3]: 1.0, [4]: 2.0

- Predictions for class 4, accuracy: 0.50%
[0]: 390.0, [1]: 0.0, [2]: 5.0, [3]: 3.0, [4]: 2.0

Done!
Execution time: 646.2720 seconds
Execution date: 2020-08-13 17:52:35.604621
-----------------------------------------
---------- [Classification problem] ----------

----- Loading datasets... -----
Datasets loaded
X_train: (8000, 40000), Y_train: (8000,)
X_test: (2000, 40000), Y_test: (2000,)

----- [Using hologram dataset] -----

----- Neural network -----

Parameters to create the model:
- Dimension of the imput: 40000
- Number of nodes in the first layer (hidden layer): 1000
- Number of nodes in the second layer (hidden layer): 500

Parameters to train the model:
- Number of epochs: 50
- Batch size: 1000

----- Accuracy -----
Train accuracy: 99.35%, test accuracy: 77.70%

----- Model summary -----

Model structure and weights saved!

----- Predictions -----

Train predictions:

- Predictions for class 0, accuracy: 27.75%
[0]: 444.0, [1]: 396.0, [2]: 394.0, [3]: 361.0, [4]: 5.0

- Predictions for class 1, accuracy: 0.00%
[0]: 1199.0, [1]: 0.0, [2]: 0.0, [3]: 0.0, [4]: 401.0

- Predictions for class 2, accuracy: 0.00%
[0]: 1600.0, [1]: 0.0, [2]: 0.0, [3]: 0.0, [4]: 0.0

- Predictions for class 3, accuracy: 0.00%
[0]: 1599.0, [1]: 1.0, [2]: 0.0, [3]: 0.0, [4]: 0.0

- Predictions for class 4, accuracy: 0.06%
[0]: 1599.0, [1]: 0.0, [2]: 0.0, [3]: 0.0, [4]: 1.0

Test predictions:

- Predictions for class 0, accuracy: 97.00%
[0]: 388.0, [1]: 1.0, [2]: 5.0, [3]: 1.0, [4]: 5.0

- Predictions for class 1, accuracy: 0.00%
[0]: 391.0, [1]: 0.0, [2]: 5.0, [3]: 1.0, [4]: 3.0

- Predictions for class 2, accuracy: 1.25%
[0]: 387.0, [1]: 2.0, [2]: 5.0, [3]: 1.0, [4]: 5.0

- Predictions for class 3, accuracy: 0.25%
[0]: 388.0, [1]: 2.0, [2]: 6.0, [3]: 1.0, [4]: 3.0

- Predictions for class 4, accuracy: 0.50%
[0]: 386.0, [1]: 5.0, [2]: 6.0, [3]: 1.0, [4]: 2.0

Done!
Execution time: 449.0258 seconds
Execution date: 2020-08-13 18:01:05.501300
-----------------------------------------
---------- [Classification problem] ----------

----- Loading datasets... -----
Datasets loaded
X_train: (8000, 40000), Y_train: (8000,)
X_test: (2000, 40000), Y_test: (2000,)

----- [Using hologram dataset] -----

----- Neural network -----

Parameters to create the model:
- Dimension of the imput: 40000
- Number of nodes in the first layer (hidden layer): 1000
- Number of nodes in the second layer (hidden layer): 500

Parameters to train the model:
- Number of epochs: 50
- Batch size: 1000

----- Accuracy -----
Train accuracy: 100.00%, test accuracy: 77.90%

----- Model summary -----

Model structure and weights saved!

----- Predictions -----

Train predictions:

- Predictions for class 0, accuracy: 25.00%
[0]: 400.0, [1]: 400.0, [2]: 400.0, [3]: 400.0, [4]: 0.0

- Predictions for class 1, accuracy: 0.00%
[0]: 1200.0, [1]: 0.0, [2]: 0.0, [3]: 0.0, [4]: 400.0

- Predictions for class 2, accuracy: 0.00%
[0]: 1600.0, [1]: 0.0, [2]: 0.0, [3]: 0.0, [4]: 0.0

- Predictions for class 3, accuracy: 0.00%
[0]: 1600.0, [1]: 0.0, [2]: 0.0, [3]: 0.0, [4]: 0.0

- Predictions for class 4, accuracy: 0.00%
[0]: 1600.0, [1]: 0.0, [2]: 0.0, [3]: 0.0, [4]: 0.0

Test predictions:

- Predictions for class 0, accuracy: 97.75%
[0]: 391.0, [1]: 0.0, [2]: 2.0, [3]: 6.0, [4]: 1.0

- Predictions for class 1, accuracy: 0.50%
[0]: 385.0, [1]: 2.0, [2]: 2.0, [3]: 4.0, [4]: 7.0

- Predictions for class 2, accuracy: 0.25%
[0]: 389.0, [1]: 2.0, [2]: 1.0, [3]: 6.0, [4]: 2.0

- Predictions for class 3, accuracy: 1.00%
[0]: 391.0, [1]: 3.0, [2]: 1.0, [3]: 4.0, [4]: 1.0

- Predictions for class 4, accuracy: 0.75%
[0]: 390.0, [1]: 0.0, [2]: 1.0, [3]: 6.0, [4]: 3.0

Done!
Execution time: 856.5404 seconds
Execution date: 2020-08-13 18:16:32.321951
-----------------------------------------
