---------- [Prepare wigner distribution dataset] ----------
Do you want to prepare the wigner distribution dataset to the classication problem (5 classes) [1] or to the regression problem (1 source) [2] ?

----- Loading wigner distribution dataset... -----
Wigner distribution loaded (npy file)
Wigner distribution shape: (500, 40000, 8)

----- Loading points positions dataset... -----
Points positions dataset loaded (matlab file dictionary)
Points positions dataset shape: (500, 3)

----- Data pre-procesing... -----
Reshaping dataset...
Reshaped dataset shape: (500, 40000)

Normalizing dataset...
Normalized dataset shape: (500, 40000)

Computing array of targets...
Y_array shape: (500, 3)

----- Spliting dataset... -----
Trainset: 80.0%, testset: 20.0 %
Data : (500, 40000), (500, 3)
Train: (400, 40000), (400, 3)
Test : (100, 40000), (100, 3)
X_train, Y_train, X_test, Y_test saved in .npy files!


Done!
Execution time: 9.6639 seconds
Execution date: 2020-08-12 18:01:00.457776
---------- [Prepare wigner distribution dataset] ----------
Do you want to prepare the wigner distribution dataset to the classication problem (5 classes) [1] or to the regression problem (1 source) [2] ?

----- Loading wigner distribution dataset... -----
Wigner distribution loaded (npy file)
Wigner distribution shape: (500, 40000, 8)

----- Loading points positions dataset... -----
Points positions dataset loaded (matlab file dictionary)
Points positions dataset shape: (500, 3)

----- Data pre-procesing... -----
Reshaping dataset...
Reshaped dataset shape: (500, 40000)

Normalizing dataset...
Normalized dataset shape: (500, 40000)

Computing array of targets...
Y_array shape: (500, 2)

----- Spliting dataset... -----
Trainset: 80.0%, testset: 20.0 %
Data : (500, 40000), (500, 2)
Train: (400, 40000), (400, 2)
Test : (100, 40000), (100, 2)
X_train, Y_train, X_test, Y_test saved in .npy files!


Done!
Execution time: 6.6380 seconds
Execution date: 2020-08-12 18:39:20.284949
---------- [Prepare wigner distribution dataset] ----------
Do you want to prepare the wigner distribution dataset to the classication problem (5 classes) [1] or to the regression problem (1 source) [2] ?

----- Loading wigner distribution dataset... -----
Wigner distribution loaded (npy file)
Wigner distribution shape: (500, 40000, 8)

----- Loading points positions dataset... -----
Points positions dataset loaded (matlab file dictionary)
Points positions dataset shape: (500, 3)

----- Data pre-procesing... -----
Reshaping dataset...
Reshaped dataset shape: (500, 40000)

Normalizing dataset...
Normalized dataset shape: (500, 40000)

Computing array of targets...
Y_array shape: (500, 2)

----- Spliting dataset... -----
Trainset: 80.0%, testset: 20.0 %
---------- [Prepare wigner distribution dataset] ----------
Do you want to prepare the wigner distribution dataset to the classication problem (5 classes) [1] or to the regression problem (1 source) [2] ?

----- Loading wigner distribution dataset... -----
Wigner distribution loaded (npy file)
Wigner distribution shape: (500, 40000, 8)

----- Loading points positions dataset... -----
Points positions dataset loaded (matlab file dictionary)
Points positions dataset shape: (500, 3)

----- Data pre-procesing... -----
Reshaping dataset...
Reshaped dataset shape: (500, 40000)

Normalizing dataset...
Normalized dataset shape: (500, 40000)

Computing array of targets...
Y_array shape: (500,)

----- Spliting dataset... -----
Trainset: 80.0%, testset: 20.0 %
Data : (500, 40000), (500,)
Train: (400, 40000), (400,)
Test : (100, 40000), (100,)
X_train, Y_train, X_test, Y_test saved in .npy files!


Done!
Execution time: 7.4084 seconds
Execution date: 2020-08-12 18:55:08.280730
