---------- [Compute wigner distribution dataset] ----------

----- Loading hologram dataset... -----
Hologram dataset loaded (matlab file dictionary)
Total number of holograms: 2500
Number of holograms per class: 2500

----- Data pre-procesing... -----
Reshaping dataset...

----- Computing 1D wigner distribution... -----
Window length: 9
Spatial frequency array: [-4 -3 -2 -1  0  1  2  3]
Spatial frequency array shape: (8,)
Wigner distribution shape: (500, 40000, 8)

Computing...
0
example 0
1
---------- [Compute wigner distribution dataset] ----------

----- Loading hologram dataset... -----
Hologram dataset loaded (matlab file dictionary)
Hologram dataset shape: (200, 200, 2500)
Total number of holograms: 2500
Number of holograms per class: 2500

----- Data pre-procesing... -----
Reshaping dataset...
Reshaped dataset shape: (2500, 40000)

----- Computing 1D wigner distribution... -----
Window length: 9
Spatial frequency array: [-4 -3 -2 -1  0  1  2  3]
Spatial frequency array shape: (8,)
Wigner distribution shape: (500, 40000, 8)

Computing...
0
example 0
1
2
3
---------- [Compute wigner distribution dataset] ----------

----- Loading hologram dataset... -----
Hologram dataset loaded (matlab file dictionary)
Hologram dataset shape: (200, 200, 500)
Total number of holograms: 500
Number of holograms per class: 500

----- Data pre-procesing... -----
Reshaping dataset...
Reshaped dataset shape: (500, 40000)

----- Computing 1D wigner distribution... -----
Window length: 9
Spatial frequency array: [-4 -3 -2 -1  0  1  2  3]
Spatial frequency array shape: (8,)
Wigner distribution shape: (500, 40000, 8)

Computing...
0
example 0
1
2
3
4
5
example 5
6
7
8
9
10
example 10
11
12
13
14
15
example 15
16
17
18
19
20
example 20
21
22
23
24
25
example 25
26
27
28
29
30
example 30
31
32
33
34
35
example 35
36
37
38
39
40
example 40
41
42
43
44
45
example 45
46
47
48
49
50
example 50
51
52
53
54
55
example 55
56
57
58
59
60
example 60
61
62
63
64
65
example 65
66
67
68
69
70
example 70
71
72
73
74
75
example 75
76
77
78
79
80
example 80
81
82
83
84
85
example 85
86
87
88
89
90
example 90
91
92
93
94
95
example 95
96
97
98
99
100
example 100
101
102
103
104
105
example 105
106
107
108
109
110
example 110
111
112
113
114
115
example 115
116
117
118
119
120
example 120
121
122
123
124
125
example 125
126
127
128
129
130
example 130
131
132
133
134
135
example 135
136
137
138
139
140
example 140
141
142
143
144
145
example 145
146
147
148
149
150
example 150
151
152
153
154
155
example 155
156
157
158
159
160
example 160
161
162
163
164
165
example 165
166
167
168
169
170
example 170
171
172
173
174
175
example 175
176
177
178
179
180
example 180
181
182
183
184
185
example 185
186
187
188
189
190
example 190
191
192
193
194
195
example 195
196
197
198
199
200
example 200
201
202
203
204
205
example 205
206
207
208
209
210
example 210
211
212
213
214
215
example 215
216
217
218
219
220
example 220
221
222
223
224
225
example 225
226
227
228
229
230
example 230
231
232
233
234
235
example 235
236
237
238
239
240
example 240
241
242
243
244
245
example 245
246
247
248
249
250
example 250
251
252
253
254
255
example 255
256
257
258
259
260
example 260
261
262
263
264
265
example 265
266
267
268
269
270
example 270
271
272
273
274
275
example 275
276
277
278
279
280
example 280
281
282
283
284
285
example 285
286
287
288
289
290
example 290
291
292
293
294
295
example 295
296
297
298
299
300
example 300
301
302
303
304
305
example 305
306
307
308
309
310
example 310
311
312
313
314
315
example 315
316
317
318
319
320
example 320
321
322
323
324
325
example 325
326
327
328
329
330
example 330
331
332
333
334
335
example 335
336
337
338
339
340
example 340
341
342
343
344
345
example 345
346
347
348
349
350
example 350
351
352
353
354
355
example 355
356
357
358
359
360
example 360
361
362
363
364
365
example 365
366
367
368
369
370
example 370
371
372
373
374
375
example 375
376
377
378
379
380
example 380
381
382
383
384
385
example 385
386
387
388
389
390
example 390
391
392
393
394
395
example 395
396
397
398
399
400
example 400
401
402
403
404
405
example 405
406
407
408
409
410
example 410
411
412
413
414
415
example 415
416
417
418
419
420
example 420
421
422
423
424
425
example 425
426
427
428
429
430
example 430
431
432
433
434
435
example 435
436
437
438
439
440
example 440
441
442
443
444
445
example 445
446
447
448
449
450
example 450
451
452
453
454
455
example 455
456
457
458
459
460
example 460
461
462
463
464
465
example 465
466
467
468
469
470
example 470
471
472
473
474
475
example 475
476
477
478
479
480
example 480
481
482
483
484
485
example 485
486
487
488
489
490
example 490
491
492
493
494
495
example 495
496
497
498
499
Wigner distribution saved in .npy file!

Done!
Execution time: 2635.1823 seconds
Execution date: 2020-08-13 15:42:17.759231
